<?xml version="1.0" encoding="UTF-8"?>
<!-- Generated by org.testng.reporters.JUnitXMLReporter -->
<testsuite ignored="0" hostname="DESKTOP-QFEPPMH" failures="0" tests="3" name="Default test" time="13.231" errors="0" timestamp="2022-01-13T11:56:24 IST">
  <testcase classname="listners.TestngListnersdemo" name="test1" time="0.118"/>
  <testcase classname="listners.TestngListnersdemo" name="test2" time="12.891"/>
  <testcase classname="listners.TestngListnersdemo" name="test3" time="0.013">
    <skipped/>
  </testcase> <!-- test3 -->
</testsuite> <!-- Default test -->
