<?xml version="1.0" encoding="UTF-8"?>
<!-- Generated by org.testng.reporters.JUnitXMLReporter -->
<testsuite ignored="0" hostname="DESKTOP-QFEPPMH" failures="0" tests="3" name="Test" time="5.384" errors="0" timestamp="2022-01-19T20:54:19 IST">
  <testcase classname="listners.TestngListnersdemo" name="test1" time="0.1"/>
  <testcase classname="listners.TestngListnersdemo" name="test2" time="5.085"/>
  <testcase classname="listners.TestngListnersdemo" name="test3" time="0.006">
    <skipped/>
  </testcase> <!-- test3 -->
</testsuite> <!-- Test -->
